[2023-04-22 02:45:43 PM-Train.py-INFO:epoch: 1, dataset: CVC-300, dice: 0.28093333333333337]
[2023-04-22 02:45:46 PM-Train.py-INFO:epoch: 1, dataset: CVC-ClinicDB, dice: 0.42761774193548396]
[2023-04-22 02:45:53 PM-Train.py-INFO:epoch: 1, dataset: Kvasir, dice: 0.563137]
[2023-04-22 02:46:17 PM-Train.py-INFO:epoch: 1, dataset: CVC-ColonDB, dice: 0.34337631578947414]
[2023-04-22 02:46:38 PM-Train.py-INFO:epoch: 1, dataset: ETIS-LaribPolypDB, dice: 0.24813061224489788]
[2023-04-22 02:47:37 PM-Train.py-INFO:##############################################################################best:0.3493716791979949]
[2023-04-22 03:01:11 PM-Train.py-INFO:epoch: 2, dataset: CVC-300, dice: 0.3619783333333333]
[2023-04-22 03:01:15 PM-Train.py-INFO:epoch: 2, dataset: CVC-ClinicDB, dice: 0.5010645161290322]
[2023-04-22 03:01:21 PM-Train.py-INFO:epoch: 2, dataset: Kvasir, dice: 0.6322859999999999]
[2023-04-22 03:01:45 PM-Train.py-INFO:epoch: 2, dataset: CVC-ColonDB, dice: 0.3956776315789476]
[2023-04-22 03:02:06 PM-Train.py-INFO:epoch: 2, dataset: ETIS-LaribPolypDB, dice: 0.31871989795918376]
[2023-04-22 03:03:08 PM-Train.py-INFO:##############################################################################best:0.4120800751879699]
[2023-04-22 03:16:42 PM-Train.py-INFO:epoch: 3, dataset: CVC-300, dice: 0.5239183333333332]
[2023-04-22 03:16:47 PM-Train.py-INFO:epoch: 3, dataset: CVC-ClinicDB, dice: 0.6249677419354839]
[2023-04-22 03:16:55 PM-Train.py-INFO:epoch: 3, dataset: Kvasir, dice: 0.710356]
[2023-04-22 03:17:25 PM-Train.py-INFO:epoch: 3, dataset: CVC-ColonDB, dice: 0.5028984210526314]
[2023-04-22 03:17:46 PM-Train.py-INFO:epoch: 3, dataset: ETIS-LaribPolypDB, dice: 0.42609540816326497]
[2023-04-22 03:18:45 PM-Train.py-INFO:##############################################################################best:0.5210962406015041]
[2023-04-22 03:32:19 PM-Train.py-INFO:epoch: 4, dataset: CVC-300, dice: 0.57386]
[2023-04-22 03:32:22 PM-Train.py-INFO:epoch: 4, dataset: CVC-ClinicDB, dice: 0.6848725806451614]
[2023-04-22 03:32:29 PM-Train.py-INFO:epoch: 4, dataset: Kvasir, dice: 0.7486710000000002]
[2023-04-22 03:32:53 PM-Train.py-INFO:epoch: 4, dataset: CVC-ColonDB, dice: 0.572200526315789]
[2023-04-22 03:33:16 PM-Train.py-INFO:epoch: 4, dataset: ETIS-LaribPolypDB, dice: 0.47760459183673476]
[2023-04-22 03:34:24 PM-Train.py-INFO:##############################################################################best:0.5799592731829574]
[2023-04-22 03:47:57 PM-Train.py-INFO:epoch: 5, dataset: CVC-300, dice: 0.80456]
[2023-04-22 03:48:00 PM-Train.py-INFO:epoch: 5, dataset: CVC-ClinicDB, dice: 0.8443258064516129]
[2023-04-22 03:48:07 PM-Train.py-INFO:epoch: 5, dataset: Kvasir, dice: 0.857368]
[2023-04-22 03:48:30 PM-Train.py-INFO:epoch: 5, dataset: CVC-ColonDB, dice: 0.7096521052631577]
[2023-04-22 03:48:51 PM-Train.py-INFO:epoch: 5, dataset: ETIS-LaribPolypDB, dice: 0.6365107142857145]
[2023-04-22 03:49:59 PM-Train.py-INFO:##############################################################################best:0.7277976190476186]
[2023-04-22 04:03:32 PM-Train.py-INFO:epoch: 6, dataset: CVC-300, dice: 0.7831783333333334]
[2023-04-22 04:03:35 PM-Train.py-INFO:epoch: 6, dataset: CVC-ClinicDB, dice: 0.8495000000000001]
[2023-04-22 04:03:42 PM-Train.py-INFO:epoch: 6, dataset: Kvasir, dice: 0.846277]
[2023-04-22 04:04:06 PM-Train.py-INFO:epoch: 6, dataset: CVC-ColonDB, dice: 0.6954849999999998]
[2023-04-22 04:04:27 PM-Train.py-INFO:epoch: 6, dataset: ETIS-LaribPolypDB, dice: 0.6797464285714294]
[2023-04-22 04:05:27 PM-Train.py-INFO:##############################################################################best:0.7290751879699244]
[2023-04-22 04:19:01 PM-Train.py-INFO:epoch: 7, dataset: CVC-300, dice: 0.8045466666666666]
[2023-04-22 04:19:04 PM-Train.py-INFO:epoch: 7, dataset: CVC-ClinicDB, dice: 0.8705887096774192]
[2023-04-22 04:19:11 PM-Train.py-INFO:epoch: 7, dataset: Kvasir, dice: 0.869475]
[2023-04-22 04:19:36 PM-Train.py-INFO:epoch: 7, dataset: CVC-ColonDB, dice: 0.7231363157894733]
[2023-04-22 04:19:57 PM-Train.py-INFO:epoch: 7, dataset: ETIS-LaribPolypDB, dice: 0.690931632653061]
[2023-04-22 04:20:56 PM-Train.py-INFO:##############################################################################best:0.7511418546365929]
[2023-04-22 04:34:30 PM-Train.py-INFO:epoch: 8, dataset: CVC-300, dice: 0.8169166666666665]
[2023-04-22 04:34:34 PM-Train.py-INFO:epoch: 8, dataset: CVC-ClinicDB, dice: 0.8927387096774196]
[2023-04-22 04:34:40 PM-Train.py-INFO:epoch: 8, dataset: Kvasir, dice: 0.8868079999999998]
[2023-04-22 04:35:04 PM-Train.py-INFO:epoch: 8, dataset: CVC-ColonDB, dice: 0.7602907894736847]
[2023-04-22 04:35:25 PM-Train.py-INFO:epoch: 8, dataset: ETIS-LaribPolypDB, dice: 0.7149969387755102]
[2023-04-22 04:36:25 PM-Train.py-INFO:##############################################################################best:0.7795682957393489]
[2023-04-22 04:49:57 PM-Train.py-INFO:epoch: 9, dataset: CVC-300, dice: 0.8401883333333334]
[2023-04-22 04:50:00 PM-Train.py-INFO:epoch: 9, dataset: CVC-ClinicDB, dice: 0.9107983870967742]
[2023-04-22 04:50:06 PM-Train.py-INFO:epoch: 9, dataset: Kvasir, dice: 0.8983379999999999]
[2023-04-22 04:50:30 PM-Train.py-INFO:epoch: 9, dataset: CVC-ColonDB, dice: 0.7510650000000003]
[2023-04-22 04:50:51 PM-Train.py-INFO:epoch: 9, dataset: ETIS-LaribPolypDB, dice: 0.7088632653061225]
[2023-04-22 05:05:23 PM-Train.py-INFO:epoch: 10, dataset: CVC-300, dice: 0.75297]
[2023-04-22 05:05:26 PM-Train.py-INFO:epoch: 10, dataset: CVC-ClinicDB, dice: 0.7879064516129033]
[2023-04-22 05:05:33 PM-Train.py-INFO:epoch: 10, dataset: Kvasir, dice: 0.8113049999999997]
[2023-04-22 05:05:57 PM-Train.py-INFO:epoch: 10, dataset: CVC-ColonDB, dice: 0.6351715789473683]
[2023-04-22 05:06:18 PM-Train.py-INFO:epoch: 10, dataset: ETIS-LaribPolypDB, dice: 0.4369545918367349]
[2023-04-22 05:20:51 PM-Train.py-INFO:epoch: 11, dataset: CVC-300, dice: 0.8433816666666666]
[2023-04-22 05:20:55 PM-Train.py-INFO:epoch: 11, dataset: CVC-ClinicDB, dice: 0.9039016129032256]
[2023-04-22 05:21:03 PM-Train.py-INFO:epoch: 11, dataset: Kvasir, dice: 0.8893960000000003]
[2023-04-22 05:21:32 PM-Train.py-INFO:epoch: 11, dataset: CVC-ColonDB, dice: 0.7618952631578944]
[2023-04-22 05:21:53 PM-Train.py-INFO:epoch: 11, dataset: ETIS-LaribPolypDB, dice: 0.7010673469387754]
[2023-04-22 05:22:52 PM-Train.py-INFO:##############################################################################best:0.7800924812030081]
[2023-04-22 05:36:25 PM-Train.py-INFO:epoch: 12, dataset: CVC-300, dice: 0.8701333333333335]
[2023-04-22 05:36:28 PM-Train.py-INFO:epoch: 12, dataset: CVC-ClinicDB, dice: 0.9168774193548389]
[2023-04-22 05:36:34 PM-Train.py-INFO:epoch: 12, dataset: Kvasir, dice: 0.89913]
[2023-04-22 05:36:59 PM-Train.py-INFO:epoch: 12, dataset: CVC-ColonDB, dice: 0.7918876315789481]
[2023-04-22 05:37:23 PM-Train.py-INFO:epoch: 12, dataset: ETIS-LaribPolypDB, dice: 0.7314571428571427]
[2023-04-22 05:38:47 PM-Train.py-INFO:##############################################################################best:0.8060780701754382]
[2023-04-22 05:52:20 PM-Train.py-INFO:epoch: 13, dataset: CVC-300, dice: 0.8800483333333333]
[2023-04-22 05:52:23 PM-Train.py-INFO:epoch: 13, dataset: CVC-ClinicDB, dice: 0.92745]
[2023-04-22 05:52:30 PM-Train.py-INFO:epoch: 13, dataset: Kvasir, dice: 0.9069699999999998]
[2023-04-22 05:52:54 PM-Train.py-INFO:epoch: 13, dataset: CVC-ColonDB, dice: 0.7994823684210521]
[2023-04-22 05:53:15 PM-Train.py-INFO:epoch: 13, dataset: ETIS-LaribPolypDB, dice: 0.7565015306122448]
[2023-04-22 05:54:22 PM-Train.py-INFO:##############################################################################best:0.8183952380952382]
[2023-04-22 06:07:56 PM-Train.py-INFO:epoch: 14, dataset: CVC-300, dice: 0.8160000000000002]
[2023-04-22 06:08:00 PM-Train.py-INFO:epoch: 14, dataset: CVC-ClinicDB, dice: 0.9149258064516128]
[2023-04-22 06:08:06 PM-Train.py-INFO:epoch: 14, dataset: Kvasir, dice: 0.8960630000000002]
[2023-04-22 06:08:31 PM-Train.py-INFO:epoch: 14, dataset: CVC-ColonDB, dice: 0.7524244736842106]
[2023-04-22 06:08:51 PM-Train.py-INFO:epoch: 14, dataset: ETIS-LaribPolypDB, dice: 0.7163301020408157]
[2023-04-22 06:23:23 PM-Train.py-INFO:epoch: 15, dataset: CVC-300, dice: 0.8793466666666667]
[2023-04-22 06:23:26 PM-Train.py-INFO:epoch: 15, dataset: CVC-ClinicDB, dice: 0.9215919354838709]
[2023-04-22 06:23:31 PM-Train.py-INFO:epoch: 15, dataset: Kvasir, dice: 0.9130259999999997]
[2023-04-22 06:23:53 PM-Train.py-INFO:epoch: 15, dataset: CVC-ColonDB, dice: 0.79853552631579]
[2023-04-22 06:24:12 PM-Train.py-INFO:epoch: 15, dataset: ETIS-LaribPolypDB, dice: 0.7381331632653059]
[2023-04-22 06:38:39 PM-Train.py-INFO:epoch: 16, dataset: CVC-300, dice: 0.8868916666666666]
[2023-04-22 06:38:41 PM-Train.py-INFO:epoch: 16, dataset: CVC-ClinicDB, dice: 0.9248854838709676]
[2023-04-22 06:38:47 PM-Train.py-INFO:epoch: 16, dataset: Kvasir, dice: 0.9185789999999997]
[2023-04-22 06:39:09 PM-Train.py-INFO:epoch: 16, dataset: CVC-ColonDB, dice: 0.8040410526315795]
[2023-04-22 06:39:30 PM-Train.py-INFO:epoch: 16, dataset: ETIS-LaribPolypDB, dice: 0.7501586734693879]
[2023-04-22 06:40:30 PM-Train.py-INFO:##############################################################################best:0.8207781954887212]
[2023-04-22 06:54:02 PM-Train.py-INFO:epoch: 17, dataset: CVC-300, dice: 0.8881166666666663]
[2023-04-22 06:54:05 PM-Train.py-INFO:epoch: 17, dataset: CVC-ClinicDB, dice: 0.933209677419355]
[2023-04-22 06:54:11 PM-Train.py-INFO:epoch: 17, dataset: Kvasir, dice: 0.9227140000000001]
[2023-04-22 06:54:32 PM-Train.py-INFO:epoch: 17, dataset: CVC-ColonDB, dice: 0.8071634210526311]
[2023-04-22 06:54:51 PM-Train.py-INFO:epoch: 17, dataset: ETIS-LaribPolypDB, dice: 0.7607147959183672]
[2023-04-22 06:55:45 PM-Train.py-INFO:##############################################################################best:0.8261147869674198]
[2023-04-22 07:09:18 PM-Train.py-INFO:epoch: 18, dataset: CVC-300, dice: 0.8954133333333336]
[2023-04-22 07:09:21 PM-Train.py-INFO:epoch: 18, dataset: CVC-ClinicDB, dice: 0.9344645161290324]
[2023-04-22 07:09:28 PM-Train.py-INFO:epoch: 18, dataset: Kvasir, dice: 0.9211050000000003]
[2023-04-22 07:09:52 PM-Train.py-INFO:epoch: 18, dataset: CVC-ColonDB, dice: 0.8212771052631586]
[2023-04-22 07:10:13 PM-Train.py-INFO:epoch: 18, dataset: ETIS-LaribPolypDB, dice: 0.7532637755102041]
[2023-04-22 07:11:14 PM-Train.py-INFO:##############################################################################best:0.8314499999999986]
[2023-04-22 07:24:46 PM-Train.py-INFO:epoch: 19, dataset: CVC-300, dice: 0.879085]
[2023-04-22 07:24:50 PM-Train.py-INFO:epoch: 19, dataset: CVC-ClinicDB, dice: 0.9139838709677421]
[2023-04-22 07:24:56 PM-Train.py-INFO:epoch: 19, dataset: Kvasir, dice: 0.9063380000000001]
[2023-04-22 07:25:21 PM-Train.py-INFO:epoch: 19, dataset: CVC-ColonDB, dice: 0.7936305263157893]
[2023-04-22 07:25:42 PM-Train.py-INFO:epoch: 19, dataset: ETIS-LaribPolypDB, dice: 0.7500357142857139]
[2023-04-22 07:40:15 PM-Train.py-INFO:epoch: 20, dataset: CVC-300, dice: 0.8881683333333333]
[2023-04-22 07:40:18 PM-Train.py-INFO:epoch: 20, dataset: CVC-ClinicDB, dice: 0.9198596774193547]
[2023-04-22 07:40:25 PM-Train.py-INFO:epoch: 20, dataset: Kvasir, dice: 0.9133490000000001]
[2023-04-22 07:40:49 PM-Train.py-INFO:epoch: 20, dataset: CVC-ColonDB, dice: 0.7864200000000003]
[2023-04-22 07:41:10 PM-Train.py-INFO:epoch: 20, dataset: ETIS-LaribPolypDB, dice: 0.7515489795918371]
[2023-04-22 07:55:43 PM-Train.py-INFO:epoch: 21, dataset: CVC-300, dice: 0.8845383333333333]
[2023-04-22 07:55:46 PM-Train.py-INFO:epoch: 21, dataset: CVC-ClinicDB, dice: 0.9214258064516127]
[2023-04-22 07:55:53 PM-Train.py-INFO:epoch: 21, dataset: Kvasir, dice: 0.9023309999999998]
[2023-04-22 07:56:17 PM-Train.py-INFO:epoch: 21, dataset: CVC-ColonDB, dice: 0.7821621052631577]
[2023-04-22 07:56:38 PM-Train.py-INFO:epoch: 21, dataset: ETIS-LaribPolypDB, dice: 0.6948214285714286]
[2023-04-22 08:11:09 PM-Train.py-INFO:epoch: 22, dataset: CVC-300, dice: 0.8277649999999998]
[2023-04-22 08:11:12 PM-Train.py-INFO:epoch: 22, dataset: CVC-ClinicDB, dice: 0.9229177419354835]
[2023-04-22 08:11:19 PM-Train.py-INFO:epoch: 22, dataset: Kvasir, dice: 0.8772919999999997]
[2023-04-22 08:11:48 PM-Train.py-INFO:epoch: 22, dataset: CVC-ColonDB, dice: 0.7501397368421058]
[2023-04-22 08:12:13 PM-Train.py-INFO:epoch: 22, dataset: ETIS-LaribPolypDB, dice: 0.6278204081632652]
[2023-04-22 08:26:47 PM-Train.py-INFO:epoch: 23, dataset: CVC-300, dice: 0.8712833333333331]
[2023-04-22 08:26:50 PM-Train.py-INFO:epoch: 23, dataset: CVC-ClinicDB, dice: 0.9189387096774195]
[2023-04-22 08:26:57 PM-Train.py-INFO:epoch: 23, dataset: Kvasir, dice: 0.895177]
[2023-04-22 08:27:21 PM-Train.py-INFO:epoch: 23, dataset: CVC-ColonDB, dice: 0.7818847368421047]
[2023-04-22 08:27:42 PM-Train.py-INFO:epoch: 23, dataset: ETIS-LaribPolypDB, dice: 0.707976530612245]
[2023-04-22 08:42:22 PM-Train.py-INFO:epoch: 24, dataset: CVC-300, dice: 0.8876283333333336]
[2023-04-22 08:42:25 PM-Train.py-INFO:epoch: 24, dataset: CVC-ClinicDB, dice: 0.9197645161290322]
[2023-04-22 08:42:32 PM-Train.py-INFO:epoch: 24, dataset: Kvasir, dice: 0.9101530000000001]
[2023-04-22 08:42:57 PM-Train.py-INFO:epoch: 24, dataset: CVC-ColonDB, dice: 0.7814323684210528]
[2023-04-22 08:43:18 PM-Train.py-INFO:epoch: 24, dataset: ETIS-LaribPolypDB, dice: 0.7264204081632651]
[2023-04-22 08:57:51 PM-Train.py-INFO:epoch: 25, dataset: CVC-300, dice: 0.8811733333333334]
[2023-04-22 08:57:54 PM-Train.py-INFO:epoch: 25, dataset: CVC-ClinicDB, dice: 0.9214209677419356]
[2023-04-22 08:58:00 PM-Train.py-INFO:epoch: 25, dataset: Kvasir, dice: 0.9118709999999998]
[2023-04-22 08:58:25 PM-Train.py-INFO:epoch: 25, dataset: CVC-ColonDB, dice: 0.7788952631578945]
[2023-04-22 08:58:46 PM-Train.py-INFO:epoch: 25, dataset: ETIS-LaribPolypDB, dice: 0.7242479591836732]
[2023-04-22 09:13:17 PM-Train.py-INFO:epoch: 26, dataset: CVC-300, dice: 0.881343333333333]
[2023-04-22 09:13:20 PM-Train.py-INFO:epoch: 26, dataset: CVC-ClinicDB, dice: 0.9202645161290323]
[2023-04-22 09:13:27 PM-Train.py-INFO:epoch: 26, dataset: Kvasir, dice: 0.913601]
[2023-04-22 09:13:51 PM-Train.py-INFO:epoch: 26, dataset: CVC-ColonDB, dice: 0.7833076315789478]
[2023-04-22 09:14:12 PM-Train.py-INFO:epoch: 26, dataset: ETIS-LaribPolypDB, dice: 0.7310729591836734]
[2023-04-22 09:28:43 PM-Train.py-INFO:epoch: 27, dataset: CVC-300, dice: 0.8930349999999998]
[2023-04-22 09:28:46 PM-Train.py-INFO:epoch: 27, dataset: CVC-ClinicDB, dice: 0.9219983870967737]
[2023-04-22 09:28:53 PM-Train.py-INFO:epoch: 27, dataset: Kvasir, dice: 0.9124109999999999]
[2023-04-22 09:29:17 PM-Train.py-INFO:epoch: 27, dataset: CVC-ColonDB, dice: 0.7764323684210522]
[2023-04-22 09:29:38 PM-Train.py-INFO:epoch: 27, dataset: ETIS-LaribPolypDB, dice: 0.7367653061224488]
[2023-04-22 09:44:12 PM-Train.py-INFO:epoch: 28, dataset: CVC-300, dice: 0.8410133333333333]
[2023-04-22 09:44:17 PM-Train.py-INFO:epoch: 28, dataset: CVC-ClinicDB, dice: 0.9158096774193549]
[2023-04-22 09:44:25 PM-Train.py-INFO:epoch: 28, dataset: Kvasir, dice: 0.9049160000000004]
[2023-04-22 09:44:54 PM-Train.py-INFO:epoch: 28, dataset: CVC-ColonDB, dice: 0.7718010526315794]
[2023-04-22 09:45:18 PM-Train.py-INFO:epoch: 28, dataset: ETIS-LaribPolypDB, dice: 0.7082719387755098]
[2023-04-22 09:59:51 PM-Train.py-INFO:epoch: 29, dataset: CVC-300, dice: 0.8751066666666667]
[2023-04-22 09:59:55 PM-Train.py-INFO:epoch: 29, dataset: CVC-ClinicDB, dice: 0.9225290322580646]
[2023-04-22 10:00:01 PM-Train.py-INFO:epoch: 29, dataset: Kvasir, dice: 0.9043199999999999]
[2023-04-22 10:00:25 PM-Train.py-INFO:epoch: 29, dataset: CVC-ColonDB, dice: 0.7893599999999996]
[2023-04-22 10:00:47 PM-Train.py-INFO:epoch: 29, dataset: ETIS-LaribPolypDB, dice: 0.7420030612244899]
[2023-04-22 10:15:31 PM-Train.py-INFO:epoch: 30, dataset: CVC-300, dice: 0.8864316666666666]
[2023-04-22 10:15:34 PM-Train.py-INFO:epoch: 30, dataset: CVC-ClinicDB, dice: 0.9036274193548385]
[2023-04-22 10:15:41 PM-Train.py-INFO:epoch: 30, dataset: Kvasir, dice: 0.9008379999999997]
[2023-04-22 10:16:05 PM-Train.py-INFO:epoch: 30, dataset: CVC-ColonDB, dice: 0.7741468421052634]
[2023-04-22 10:16:26 PM-Train.py-INFO:epoch: 30, dataset: ETIS-LaribPolypDB, dice: 0.6885790816326526]
[2023-04-22 10:30:59 PM-Train.py-INFO:epoch: 31, dataset: CVC-300, dice: 0.8879416666666665]
[2023-04-22 10:31:03 PM-Train.py-INFO:epoch: 31, dataset: CVC-ClinicDB, dice: 0.9184532258064517]
[2023-04-22 10:31:09 PM-Train.py-INFO:epoch: 31, dataset: Kvasir, dice: 0.9070260000000004]
[2023-04-22 10:31:33 PM-Train.py-INFO:epoch: 31, dataset: CVC-ColonDB, dice: 0.780409736842106]
[2023-04-22 10:31:54 PM-Train.py-INFO:epoch: 31, dataset: ETIS-LaribPolypDB, dice: 0.7040739795918366]
[2023-04-22 10:46:30 PM-Train.py-INFO:epoch: 32, dataset: CVC-300, dice: 0.89074]
[2023-04-22 10:46:34 PM-Train.py-INFO:epoch: 32, dataset: CVC-ClinicDB, dice: 0.9203387096774194]
[2023-04-22 10:46:41 PM-Train.py-INFO:epoch: 32, dataset: Kvasir, dice: 0.9087100000000001]
[2023-04-22 10:47:05 PM-Train.py-INFO:epoch: 32, dataset: CVC-ColonDB, dice: 0.7905807894736845]
[2023-04-22 10:47:27 PM-Train.py-INFO:epoch: 32, dataset: ETIS-LaribPolypDB, dice: 0.7252642857142855]
[2023-04-22 11:02:00 PM-Train.py-INFO:epoch: 33, dataset: CVC-300, dice: 0.885715]
[2023-04-22 11:02:03 PM-Train.py-INFO:epoch: 33, dataset: CVC-ClinicDB, dice: 0.921491935483871]
[2023-04-22 11:02:10 PM-Train.py-INFO:epoch: 33, dataset: Kvasir, dice: 0.9165809999999998]
[2023-04-22 11:02:35 PM-Train.py-INFO:epoch: 33, dataset: CVC-ColonDB, dice: 0.7896500000000016]
[2023-04-22 11:02:56 PM-Train.py-INFO:epoch: 33, dataset: ETIS-LaribPolypDB, dice: 0.7199974489795917]
[2023-04-22 11:17:31 PM-Train.py-INFO:epoch: 34, dataset: CVC-300, dice: 0.8938866666666665]
[2023-04-22 11:17:35 PM-Train.py-INFO:epoch: 34, dataset: CVC-ClinicDB, dice: 0.9228370967741938]
[2023-04-22 11:17:42 PM-Train.py-INFO:epoch: 34, dataset: Kvasir, dice: 0.9162059999999999]
[2023-04-22 11:18:06 PM-Train.py-INFO:epoch: 34, dataset: CVC-ColonDB, dice: 0.7965952631578943]
[2023-04-22 11:18:27 PM-Train.py-INFO:epoch: 34, dataset: ETIS-LaribPolypDB, dice: 0.7501622448979594]
[2023-04-22 11:33:00 PM-Train.py-INFO:epoch: 35, dataset: CVC-300, dice: 0.8717566666666663]
[2023-04-22 11:33:03 PM-Train.py-INFO:epoch: 35, dataset: CVC-ClinicDB, dice: 0.8931306451612904]
[2023-04-22 11:33:10 PM-Train.py-INFO:epoch: 35, dataset: Kvasir, dice: 0.8928370000000002]
[2023-04-22 11:33:39 PM-Train.py-INFO:epoch: 35, dataset: CVC-ColonDB, dice: 0.7594765789473698]
[2023-04-22 11:34:03 PM-Train.py-INFO:epoch: 35, dataset: ETIS-LaribPolypDB, dice: 0.7074903061224489]
[2023-04-22 11:48:38 PM-Train.py-INFO:epoch: 36, dataset: CVC-300, dice: 0.867766666666667]
[2023-04-22 11:48:42 PM-Train.py-INFO:epoch: 36, dataset: CVC-ClinicDB, dice: 0.9055274193548388]
[2023-04-22 11:48:48 PM-Train.py-INFO:epoch: 36, dataset: Kvasir, dice: 0.8987379999999997]
[2023-04-22 11:49:12 PM-Train.py-INFO:epoch: 36, dataset: CVC-ColonDB, dice: 0.7525857894736845]
[2023-04-22 11:49:33 PM-Train.py-INFO:epoch: 36, dataset: ETIS-LaribPolypDB, dice: 0.6872357142857145]
[2023-04-23 12:04:11 AM-Train.py-INFO:epoch: 37, dataset: CVC-300, dice: 0.8499216666666667]
[2023-04-23 12:04:14 AM-Train.py-INFO:epoch: 37, dataset: CVC-ClinicDB, dice: 0.9034387096774195]
[2023-04-23 12:04:23 AM-Train.py-INFO:epoch: 37, dataset: Kvasir, dice: 0.8730770000000002]
[2023-04-23 12:04:54 AM-Train.py-INFO:epoch: 37, dataset: CVC-ColonDB, dice: 0.7434273684210536]
[2023-04-23 12:05:16 AM-Train.py-INFO:epoch: 37, dataset: ETIS-LaribPolypDB, dice: 0.6807479591836738]
[2023-04-23 12:19:48 AM-Train.py-INFO:epoch: 38, dataset: CVC-300, dice: 0.8632600000000004]
[2023-04-23 12:19:51 AM-Train.py-INFO:epoch: 38, dataset: CVC-ClinicDB, dice: 0.9164209677419357]
[2023-04-23 12:19:58 AM-Train.py-INFO:epoch: 38, dataset: Kvasir, dice: 0.9066700000000004]
[2023-04-23 12:20:23 AM-Train.py-INFO:epoch: 38, dataset: CVC-ColonDB, dice: 0.772769210526316]
[2023-04-23 12:20:44 AM-Train.py-INFO:epoch: 38, dataset: ETIS-LaribPolypDB, dice: 0.6945137755102044]
[2023-04-23 12:35:17 AM-Train.py-INFO:epoch: 39, dataset: CVC-300, dice: 0.8636866666666665]
[2023-04-23 12:35:20 AM-Train.py-INFO:epoch: 39, dataset: CVC-ClinicDB, dice: 0.9246951612903226]
[2023-04-23 12:35:27 AM-Train.py-INFO:epoch: 39, dataset: Kvasir, dice: 0.910296]
[2023-04-23 12:35:51 AM-Train.py-INFO:epoch: 39, dataset: CVC-ColonDB, dice: 0.7754334210526321]
[2023-04-23 12:36:13 AM-Train.py-INFO:epoch: 39, dataset: ETIS-LaribPolypDB, dice: 0.7192576530612244]
[2023-04-23 12:50:46 AM-Train.py-INFO:epoch: 40, dataset: CVC-300, dice: 0.8696900000000002]
[2023-04-23 12:50:49 AM-Train.py-INFO:epoch: 40, dataset: CVC-ClinicDB, dice: 0.923483870967742]
[2023-04-23 12:50:56 AM-Train.py-INFO:epoch: 40, dataset: Kvasir, dice: 0.9128330000000001]
[2023-04-23 12:51:20 AM-Train.py-INFO:epoch: 40, dataset: CVC-ColonDB, dice: 0.7799784210526309]
[2023-04-23 12:51:41 AM-Train.py-INFO:epoch: 40, dataset: ETIS-LaribPolypDB, dice: 0.7186403061224496]
[2023-04-23 01:06:15 AM-Train.py-INFO:epoch: 41, dataset: CVC-300, dice: 0.8581966666666669]
[2023-04-23 01:06:19 AM-Train.py-INFO:epoch: 41, dataset: CVC-ClinicDB, dice: 0.9209193548387099]
[2023-04-23 01:06:27 AM-Train.py-INFO:epoch: 41, dataset: Kvasir, dice: 0.907265]
[2023-04-23 01:06:57 AM-Train.py-INFO:epoch: 41, dataset: CVC-ColonDB, dice: 0.7735065789473683]
[2023-04-23 01:07:18 AM-Train.py-INFO:epoch: 41, dataset: ETIS-LaribPolypDB, dice: 0.7323311224489795]
[2023-04-23 01:21:53 AM-Train.py-INFO:epoch: 42, dataset: CVC-300, dice: 0.8722916666666671]
[2023-04-23 01:21:56 AM-Train.py-INFO:epoch: 42, dataset: CVC-ClinicDB, dice: 0.9216419354838706]
[2023-04-23 01:22:03 AM-Train.py-INFO:epoch: 42, dataset: Kvasir, dice: 0.9125589999999998]
[2023-04-23 01:22:28 AM-Train.py-INFO:epoch: 42, dataset: CVC-ColonDB, dice: 0.794008421052632]
[2023-04-23 01:22:50 AM-Train.py-INFO:epoch: 42, dataset: ETIS-LaribPolypDB, dice: 0.7326413265306121]
[2023-04-23 01:37:34 AM-Train.py-INFO:epoch: 43, dataset: CVC-300, dice: 0.8843583333333331]
[2023-04-23 01:37:37 AM-Train.py-INFO:epoch: 43, dataset: CVC-ClinicDB, dice: 0.9180999999999999]
[2023-04-23 01:37:44 AM-Train.py-INFO:epoch: 43, dataset: Kvasir, dice: 0.9127379999999996]
[2023-04-23 01:38:09 AM-Train.py-INFO:epoch: 43, dataset: CVC-ColonDB, dice: 0.791571578947368]
[2023-04-23 01:38:30 AM-Train.py-INFO:epoch: 43, dataset: ETIS-LaribPolypDB, dice: 0.7504923469387754]
[2023-04-23 01:53:04 AM-Train.py-INFO:epoch: 44, dataset: CVC-300, dice: 0.8808233333333335]
[2023-04-23 01:53:07 AM-Train.py-INFO:epoch: 44, dataset: CVC-ClinicDB, dice: 0.9219096774193546]
[2023-04-23 01:53:14 AM-Train.py-INFO:epoch: 44, dataset: Kvasir, dice: 0.9082709999999997]
[2023-04-23 01:53:38 AM-Train.py-INFO:epoch: 44, dataset: CVC-ColonDB, dice: 0.7931613157894737]
[2023-04-23 01:53:59 AM-Train.py-INFO:epoch: 44, dataset: ETIS-LaribPolypDB, dice: 0.735035714285714]
[2023-04-23 02:08:30 AM-Train.py-INFO:epoch: 45, dataset: CVC-300, dice: 0.8746716666666666]
[2023-04-23 02:08:34 AM-Train.py-INFO:epoch: 45, dataset: CVC-ClinicDB, dice: 0.9196016129032257]
[2023-04-23 02:08:41 AM-Train.py-INFO:epoch: 45, dataset: Kvasir, dice: 0.9166500000000001]
[2023-04-23 02:09:05 AM-Train.py-INFO:epoch: 45, dataset: CVC-ColonDB, dice: 0.7877952631578957]
[2023-04-23 02:09:26 AM-Train.py-INFO:epoch: 45, dataset: ETIS-LaribPolypDB, dice: 0.7308040816326534]
[2023-04-23 02:23:59 AM-Train.py-INFO:epoch: 46, dataset: CVC-300, dice: 0.8767983333333333]
[2023-04-23 02:24:03 AM-Train.py-INFO:epoch: 46, dataset: CVC-ClinicDB, dice: 0.9220129032258066]
[2023-04-23 02:24:09 AM-Train.py-INFO:epoch: 46, dataset: Kvasir, dice: 0.9180890000000003]
[2023-04-23 02:24:33 AM-Train.py-INFO:epoch: 46, dataset: CVC-ColonDB, dice: 0.7937913157894743]
[2023-04-23 02:24:54 AM-Train.py-INFO:epoch: 46, dataset: ETIS-LaribPolypDB, dice: 0.7366102040816325]
[2023-04-23 02:39:25 AM-Train.py-INFO:epoch: 47, dataset: CVC-300, dice: 0.8855933333333331]
[2023-04-23 02:39:28 AM-Train.py-INFO:epoch: 47, dataset: CVC-ClinicDB, dice: 0.9225225806451611]
[2023-04-23 02:39:35 AM-Train.py-INFO:epoch: 47, dataset: Kvasir, dice: 0.9143089999999999]
[2023-04-23 02:39:59 AM-Train.py-INFO:epoch: 47, dataset: CVC-ColonDB, dice: 0.7995565789473684]
[2023-04-23 02:40:20 AM-Train.py-INFO:epoch: 47, dataset: ETIS-LaribPolypDB, dice: 0.7409806122448979]
[2023-04-23 02:54:55 AM-Train.py-INFO:epoch: 48, dataset: CVC-300, dice: 0.8789999999999997]
[2023-04-23 02:54:58 AM-Train.py-INFO:epoch: 48, dataset: CVC-ClinicDB, dice: 0.9231016129032256]
[2023-04-23 02:55:06 AM-Train.py-INFO:epoch: 48, dataset: Kvasir, dice: 0.9167249999999997]
[2023-04-23 02:55:35 AM-Train.py-INFO:epoch: 48, dataset: CVC-ColonDB, dice: 0.7819336842105258]
[2023-04-23 02:56:00 AM-Train.py-INFO:epoch: 48, dataset: ETIS-LaribPolypDB, dice: 0.7436668367346935]
[2023-04-23 03:10:33 AM-Train.py-INFO:epoch: 49, dataset: CVC-300, dice: 0.8717266666666668]
[2023-04-23 03:10:37 AM-Train.py-INFO:epoch: 49, dataset: CVC-ClinicDB, dice: 0.9239758064516128]
[2023-04-23 03:10:43 AM-Train.py-INFO:epoch: 49, dataset: Kvasir, dice: 0.917506]
[2023-04-23 03:11:08 AM-Train.py-INFO:epoch: 49, dataset: CVC-ColonDB, dice: 0.8010326315789471]
[2023-04-23 03:11:29 AM-Train.py-INFO:epoch: 49, dataset: ETIS-LaribPolypDB, dice: 0.729255612244898]
[2023-04-23 03:26:12 AM-Train.py-INFO:epoch: 50, dataset: CVC-300, dice: 0.8668099999999997]
[2023-04-23 03:26:15 AM-Train.py-INFO:epoch: 50, dataset: CVC-ClinicDB, dice: 0.9129322580645164]
[2023-04-23 03:26:22 AM-Train.py-INFO:epoch: 50, dataset: Kvasir, dice: 0.9056519999999999]
[2023-04-23 03:26:47 AM-Train.py-INFO:epoch: 50, dataset: CVC-ColonDB, dice: 0.8034860526315792]
[2023-04-23 03:27:08 AM-Train.py-INFO:epoch: 50, dataset: ETIS-LaribPolypDB, dice: 0.6999678571428574]
[2023-04-23 03:41:42 AM-Train.py-INFO:epoch: 51, dataset: CVC-300, dice: 0.8645766666666668]
[2023-04-23 03:41:45 AM-Train.py-INFO:epoch: 51, dataset: CVC-ClinicDB, dice: 0.914809677419355]
[2023-04-23 03:41:52 AM-Train.py-INFO:epoch: 51, dataset: Kvasir, dice: 0.9077860000000004]
[2023-04-23 03:42:16 AM-Train.py-INFO:epoch: 51, dataset: CVC-ColonDB, dice: 0.7695268421052636]
[2023-04-23 03:42:38 AM-Train.py-INFO:epoch: 51, dataset: ETIS-LaribPolypDB, dice: 0.7173005102040818]
[2023-04-23 03:57:12 AM-Train.py-INFO:epoch: 52, dataset: CVC-300, dice: 0.8709500000000001]
[2023-04-23 03:57:15 AM-Train.py-INFO:epoch: 52, dataset: CVC-ClinicDB, dice: 0.9204645161290321]
[2023-04-23 03:57:22 AM-Train.py-INFO:epoch: 52, dataset: Kvasir, dice: 0.9069140000000001]
[2023-04-23 03:57:46 AM-Train.py-INFO:epoch: 52, dataset: CVC-ColonDB, dice: 0.772091578947368]
[2023-04-23 03:58:08 AM-Train.py-INFO:epoch: 52, dataset: ETIS-LaribPolypDB, dice: 0.7192785714285714]
[2023-04-23 04:12:42 AM-Train.py-INFO:epoch: 53, dataset: CVC-300, dice: 0.87993]
[2023-04-23 04:12:46 AM-Train.py-INFO:epoch: 53, dataset: CVC-ClinicDB, dice: 0.9235709677419354]
[2023-04-23 04:12:52 AM-Train.py-INFO:epoch: 53, dataset: Kvasir, dice: 0.910804]
[2023-04-23 04:13:17 AM-Train.py-INFO:epoch: 53, dataset: CVC-ColonDB, dice: 0.7800010526315784]
[2023-04-23 04:13:38 AM-Train.py-INFO:epoch: 53, dataset: ETIS-LaribPolypDB, dice: 0.735487244897959]
[2023-04-23 04:28:11 AM-Train.py-INFO:epoch: 54, dataset: CVC-300, dice: 0.8824066666666666]
[2023-04-23 04:28:15 AM-Train.py-INFO:epoch: 54, dataset: CVC-ClinicDB, dice: 0.926148387096774]
[2023-04-23 04:28:23 AM-Train.py-INFO:epoch: 54, dataset: Kvasir, dice: 0.9116640000000001]
[2023-04-23 04:28:47 AM-Train.py-INFO:epoch: 54, dataset: CVC-ColonDB, dice: 0.7739728947368416]
[2023-04-23 04:29:08 AM-Train.py-INFO:epoch: 54, dataset: ETIS-LaribPolypDB, dice: 0.7424107142857139]
[2023-04-23 04:43:40 AM-Train.py-INFO:epoch: 55, dataset: CVC-300, dice: 0.880211666666667]
[2023-04-23 04:43:43 AM-Train.py-INFO:epoch: 55, dataset: CVC-ClinicDB, dice: 0.9214580645161289]
[2023-04-23 04:43:50 AM-Train.py-INFO:epoch: 55, dataset: Kvasir, dice: 0.9124180000000002]
[2023-04-23 04:44:16 AM-Train.py-INFO:epoch: 55, dataset: CVC-ColonDB, dice: 0.7725176315789473]
[2023-04-23 04:44:41 AM-Train.py-INFO:epoch: 55, dataset: ETIS-LaribPolypDB, dice: 0.7329877551020408]
[2023-04-23 04:59:19 AM-Train.py-INFO:epoch: 56, dataset: CVC-300, dice: 0.8718500000000002]
[2023-04-23 04:59:23 AM-Train.py-INFO:epoch: 56, dataset: CVC-ClinicDB, dice: 0.9352112903225809]
[2023-04-23 04:59:29 AM-Train.py-INFO:epoch: 56, dataset: Kvasir, dice: 0.9186999999999997]
[2023-04-23 04:59:53 AM-Train.py-INFO:epoch: 56, dataset: CVC-ColonDB, dice: 0.7846821052631574]
[2023-04-23 05:00:15 AM-Train.py-INFO:epoch: 56, dataset: ETIS-LaribPolypDB, dice: 0.7531734693877552]
[2023-04-23 05:14:54 AM-Train.py-INFO:epoch: 57, dataset: CVC-300, dice: 0.8867083333333334]
[2023-04-23 05:14:57 AM-Train.py-INFO:epoch: 57, dataset: CVC-ClinicDB, dice: 0.93061935483871]
[2023-04-23 05:15:03 AM-Train.py-INFO:epoch: 57, dataset: Kvasir, dice: 0.91125]
[2023-04-23 05:15:28 AM-Train.py-INFO:epoch: 57, dataset: CVC-ColonDB, dice: 0.7663278947368412]
[2023-04-23 05:15:49 AM-Train.py-INFO:epoch: 57, dataset: ETIS-LaribPolypDB, dice: 0.7411107142857143]
[2023-04-23 05:30:23 AM-Train.py-INFO:epoch: 58, dataset: CVC-300, dice: 0.8784566666666669]
[2023-04-23 05:30:27 AM-Train.py-INFO:epoch: 58, dataset: CVC-ClinicDB, dice: 0.9235774193548386]
[2023-04-23 05:30:34 AM-Train.py-INFO:epoch: 58, dataset: Kvasir, dice: 0.9129049999999996]
[2023-04-23 05:30:58 AM-Train.py-INFO:epoch: 58, dataset: CVC-ColonDB, dice: 0.774492105263158]
[2023-04-23 05:31:19 AM-Train.py-INFO:epoch: 58, dataset: ETIS-LaribPolypDB, dice: 0.7353724489795916]
[2023-04-23 05:45:51 AM-Train.py-INFO:epoch: 59, dataset: CVC-300, dice: 0.8816216666666666]
[2023-04-23 05:45:55 AM-Train.py-INFO:epoch: 59, dataset: CVC-ClinicDB, dice: 0.9236064516129033]
[2023-04-23 05:46:01 AM-Train.py-INFO:epoch: 59, dataset: Kvasir, dice: 0.920591]
[2023-04-23 05:46:25 AM-Train.py-INFO:epoch: 59, dataset: CVC-ColonDB, dice: 0.7782428947368423]
[2023-04-23 05:46:47 AM-Train.py-INFO:epoch: 59, dataset: ETIS-LaribPolypDB, dice: 0.7366219387755101]
[2023-04-23 06:01:17 AM-Train.py-INFO:epoch: 60, dataset: CVC-300, dice: 0.8760549999999999]
[2023-04-23 06:01:20 AM-Train.py-INFO:epoch: 60, dataset: CVC-ClinicDB, dice: 0.9236935483870968]
[2023-04-23 06:01:27 AM-Train.py-INFO:epoch: 60, dataset: Kvasir, dice: 0.9147419999999999]
[2023-04-23 06:01:51 AM-Train.py-INFO:epoch: 60, dataset: CVC-ColonDB, dice: 0.7761173684210521]
[2023-04-23 06:02:12 AM-Train.py-INFO:epoch: 60, dataset: ETIS-LaribPolypDB, dice: 0.7547612244897959]
[2023-04-23 06:16:47 AM-Train.py-INFO:epoch: 61, dataset: CVC-300, dice: 0.8754683333333333]
[2023-04-23 06:16:51 AM-Train.py-INFO:epoch: 61, dataset: CVC-ClinicDB, dice: 0.9300370967741938]
[2023-04-23 06:17:00 AM-Train.py-INFO:epoch: 61, dataset: Kvasir, dice: 0.9192849999999999]
[2023-04-23 06:17:29 AM-Train.py-INFO:epoch: 61, dataset: CVC-ColonDB, dice: 0.7874876315789477]
[2023-04-23 06:17:51 AM-Train.py-INFO:epoch: 61, dataset: ETIS-LaribPolypDB, dice: 0.7428831632653059]
[2023-04-23 06:32:20 AM-Train.py-INFO:epoch: 62, dataset: CVC-300, dice: 0.886593333333333]
[2023-04-23 06:32:24 AM-Train.py-INFO:epoch: 62, dataset: CVC-ClinicDB, dice: 0.9351838709677418]
[2023-04-23 06:32:30 AM-Train.py-INFO:epoch: 62, dataset: Kvasir, dice: 0.9115780000000001]
[2023-04-23 06:32:53 AM-Train.py-INFO:epoch: 62, dataset: CVC-ColonDB, dice: 0.7819157894736837]
[2023-04-23 06:33:15 AM-Train.py-INFO:epoch: 62, dataset: ETIS-LaribPolypDB, dice: 0.7406586734693876]
[2023-04-23 06:47:59 AM-Train.py-INFO:epoch: 63, dataset: CVC-300, dice: 0.8824583333333335]
[2023-04-23 06:48:03 AM-Train.py-INFO:epoch: 63, dataset: CVC-ClinicDB, dice: 0.9293725806451612]
[2023-04-23 06:48:09 AM-Train.py-INFO:epoch: 63, dataset: Kvasir, dice: 0.9223660000000006]
[2023-04-23 06:48:33 AM-Train.py-INFO:epoch: 63, dataset: CVC-ColonDB, dice: 0.7854334210526318]
[2023-04-23 06:48:54 AM-Train.py-INFO:epoch: 63, dataset: ETIS-LaribPolypDB, dice: 0.7239214285714287]
[2023-04-23 07:03:26 AM-Train.py-INFO:epoch: 64, dataset: CVC-300, dice: 0.8093249999999999]
[2023-04-23 07:03:30 AM-Train.py-INFO:epoch: 64, dataset: CVC-ClinicDB, dice: 0.88805]
[2023-04-23 07:03:36 AM-Train.py-INFO:epoch: 64, dataset: Kvasir, dice: 0.875995]
[2023-04-23 07:04:00 AM-Train.py-INFO:epoch: 64, dataset: CVC-ColonDB, dice: 0.7304244736842104]
[2023-04-23 07:04:21 AM-Train.py-INFO:epoch: 64, dataset: ETIS-LaribPolypDB, dice: 0.5958545918367351]
[2023-04-23 07:18:53 AM-Train.py-INFO:epoch: 65, dataset: CVC-300, dice: 0.8576466666666669]
[2023-04-23 07:18:56 AM-Train.py-INFO:epoch: 65, dataset: CVC-ClinicDB, dice: 0.9202290322580645]
[2023-04-23 07:19:02 AM-Train.py-INFO:epoch: 65, dataset: Kvasir, dice: 0.91206]
[2023-04-23 07:19:26 AM-Train.py-INFO:epoch: 65, dataset: CVC-ColonDB, dice: 0.793749736842105]
[2023-04-23 07:19:47 AM-Train.py-INFO:epoch: 65, dataset: ETIS-LaribPolypDB, dice: 0.7170433673469394]
[2023-04-23 07:34:20 AM-Train.py-INFO:epoch: 66, dataset: CVC-300, dice: 0.8667983333333334]
[2023-04-23 07:34:23 AM-Train.py-INFO:epoch: 66, dataset: CVC-ClinicDB, dice: 0.925087096774194]
[2023-04-23 07:34:30 AM-Train.py-INFO:epoch: 66, dataset: Kvasir, dice: 0.9170769999999996]
[2023-04-23 07:34:56 AM-Train.py-INFO:epoch: 66, dataset: CVC-ColonDB, dice: 0.7942576315789485]
[2023-04-23 07:35:18 AM-Train.py-INFO:epoch: 66, dataset: ETIS-LaribPolypDB, dice: 0.7257683673469395]
[2023-04-23 07:49:52 AM-Train.py-INFO:epoch: 67, dataset: CVC-300, dice: 0.868866666666667]
[2023-04-23 07:49:55 AM-Train.py-INFO:epoch: 67, dataset: CVC-ClinicDB, dice: 0.9251419354838709]
[2023-04-23 07:50:03 AM-Train.py-INFO:epoch: 67, dataset: Kvasir, dice: 0.9162110000000002]
[2023-04-23 07:50:28 AM-Train.py-INFO:epoch: 67, dataset: CVC-ColonDB, dice: 0.7932331578947375]
[2023-04-23 07:50:50 AM-Train.py-INFO:epoch: 67, dataset: ETIS-LaribPolypDB, dice: 0.7237801020408166]
[2023-04-23 08:05:24 AM-Train.py-INFO:epoch: 68, dataset: CVC-300, dice: 0.8683883333333334]
[2023-04-23 08:05:28 AM-Train.py-INFO:epoch: 68, dataset: CVC-ClinicDB, dice: 0.9252209677419354]
[2023-04-23 08:05:37 AM-Train.py-INFO:epoch: 68, dataset: Kvasir, dice: 0.9178349999999998]
[2023-04-23 08:06:07 AM-Train.py-INFO:epoch: 68, dataset: CVC-ColonDB, dice: 0.7931765789473678]
[2023-04-23 08:06:32 AM-Train.py-INFO:epoch: 68, dataset: ETIS-LaribPolypDB, dice: 0.7261586734693875]
[2023-04-23 08:21:07 AM-Train.py-INFO:epoch: 69, dataset: CVC-300, dice: 0.8852683333333338]
[2023-04-23 08:21:10 AM-Train.py-INFO:epoch: 69, dataset: CVC-ClinicDB, dice: 0.9244854838709677]
[2023-04-23 08:21:17 AM-Train.py-INFO:epoch: 69, dataset: Kvasir, dice: 0.9211259999999997]
[2023-04-23 08:21:41 AM-Train.py-INFO:epoch: 69, dataset: CVC-ColonDB, dice: 0.7954515789473693]
[2023-04-23 08:22:03 AM-Train.py-INFO:epoch: 69, dataset: ETIS-LaribPolypDB, dice: 0.733741326530612]
[2023-04-23 08:36:53 AM-Train.py-INFO:epoch: 70, dataset: CVC-300, dice: 0.86742]
[2023-04-23 08:36:56 AM-Train.py-INFO:epoch: 70, dataset: CVC-ClinicDB, dice: 0.9175725806451611]
[2023-04-23 08:37:03 AM-Train.py-INFO:epoch: 70, dataset: Kvasir, dice: 0.9227170000000006]
[2023-04-23 08:37:28 AM-Train.py-INFO:epoch: 70, dataset: CVC-ColonDB, dice: 0.8040331578947368]
[2023-04-23 08:37:50 AM-Train.py-INFO:epoch: 70, dataset: ETIS-LaribPolypDB, dice: 0.7283954081632656]
[2023-04-23 08:52:25 AM-Train.py-INFO:epoch: 71, dataset: CVC-300, dice: 0.8720766666666664]
[2023-04-23 08:52:29 AM-Train.py-INFO:epoch: 71, dataset: CVC-ClinicDB, dice: 0.9237403225806454]
[2023-04-23 08:52:36 AM-Train.py-INFO:epoch: 71, dataset: Kvasir, dice: 0.923236]
[2023-04-23 08:53:01 AM-Train.py-INFO:epoch: 71, dataset: CVC-ColonDB, dice: 0.80263052631579]
[2023-04-23 08:53:22 AM-Train.py-INFO:epoch: 71, dataset: ETIS-LaribPolypDB, dice: 0.7276673469387754]
[2023-04-23 09:07:57 AM-Train.py-INFO:epoch: 72, dataset: CVC-300, dice: 0.8778083333333331]
[2023-04-23 09:08:00 AM-Train.py-INFO:epoch: 72, dataset: CVC-ClinicDB, dice: 0.9247322580645166]
[2023-04-23 09:08:06 AM-Train.py-INFO:epoch: 72, dataset: Kvasir, dice: 0.9237799999999997]
[2023-04-23 09:08:28 AM-Train.py-INFO:epoch: 72, dataset: CVC-ColonDB, dice: 0.7926231578947373]
[2023-04-23 09:08:47 AM-Train.py-INFO:epoch: 72, dataset: ETIS-LaribPolypDB, dice: 0.7349566326530611]
[2023-04-23 09:23:14 AM-Train.py-INFO:epoch: 73, dataset: CVC-300, dice: 0.8722916666666668]
[2023-04-23 09:23:16 AM-Train.py-INFO:epoch: 73, dataset: CVC-ClinicDB, dice: 0.9255322580645159]
[2023-04-23 09:23:22 AM-Train.py-INFO:epoch: 73, dataset: Kvasir, dice: 0.924951]
[2023-04-23 09:23:44 AM-Train.py-INFO:epoch: 73, dataset: CVC-ColonDB, dice: 0.807883421052632]
[2023-04-23 09:24:04 AM-Train.py-INFO:epoch: 73, dataset: ETIS-LaribPolypDB, dice: 0.7264698979591836]
[2023-04-23 09:38:37 AM-Train.py-INFO:epoch: 74, dataset: CVC-300, dice: 0.8803950000000001]
[2023-04-23 09:38:40 AM-Train.py-INFO:epoch: 74, dataset: CVC-ClinicDB, dice: 0.9208161290322582]
[2023-04-23 09:38:47 AM-Train.py-INFO:epoch: 74, dataset: Kvasir, dice: 0.9207480000000001]
[2023-04-23 09:39:11 AM-Train.py-INFO:epoch: 74, dataset: CVC-ColonDB, dice: 0.8107018421052639]
[2023-04-23 09:39:32 AM-Train.py-INFO:epoch: 74, dataset: ETIS-LaribPolypDB, dice: 0.7361025510204081]
[2023-04-23 09:54:10 AM-Train.py-INFO:epoch: 75, dataset: CVC-300, dice: 0.8668149999999997]
[2023-04-23 09:54:13 AM-Train.py-INFO:epoch: 75, dataset: CVC-ClinicDB, dice: 0.9261241935483872]
[2023-04-23 09:54:20 AM-Train.py-INFO:epoch: 75, dataset: Kvasir, dice: 0.9023020000000002]
[2023-04-23 09:54:44 AM-Train.py-INFO:epoch: 75, dataset: CVC-ColonDB, dice: 0.7763039473684205]
[2023-04-23 09:55:05 AM-Train.py-INFO:epoch: 75, dataset: ETIS-LaribPolypDB, dice: 0.6964459183673474]
[2023-04-23 10:09:39 AM-Train.py-INFO:epoch: 76, dataset: CVC-300, dice: 0.8661850000000002]
[2023-04-23 10:09:43 AM-Train.py-INFO:epoch: 76, dataset: CVC-ClinicDB, dice: 0.9321370967741938]
[2023-04-23 10:09:49 AM-Train.py-INFO:epoch: 76, dataset: Kvasir, dice: 0.9012140000000001]
[2023-04-23 10:10:13 AM-Train.py-INFO:epoch: 76, dataset: CVC-ColonDB, dice: 0.7705818421052631]
[2023-04-23 10:10:34 AM-Train.py-INFO:epoch: 76, dataset: ETIS-LaribPolypDB, dice: 0.6653775510204083]
[2023-04-23 10:25:08 AM-Train.py-INFO:epoch: 77, dataset: CVC-300, dice: 0.8786316666666665]
[2023-04-23 10:25:11 AM-Train.py-INFO:epoch: 77, dataset: CVC-ClinicDB, dice: 0.9220677419354838]
[2023-04-23 10:25:18 AM-Train.py-INFO:epoch: 77, dataset: Kvasir, dice: 0.9075720000000002]
[2023-04-23 10:25:42 AM-Train.py-INFO:epoch: 77, dataset: CVC-ColonDB, dice: 0.7886710526315792]
[2023-04-23 10:26:03 AM-Train.py-INFO:epoch: 77, dataset: ETIS-LaribPolypDB, dice: 0.7100459183673469]
[2023-04-23 10:40:37 AM-Train.py-INFO:epoch: 78, dataset: CVC-300, dice: 0.8854633333333334]
[2023-04-23 10:40:41 AM-Train.py-INFO:epoch: 78, dataset: CVC-ClinicDB, dice: 0.9237967741935483]
[2023-04-23 10:40:49 AM-Train.py-INFO:epoch: 78, dataset: Kvasir, dice: 0.9149519999999997]
[2023-04-23 10:41:14 AM-Train.py-INFO:epoch: 78, dataset: CVC-ColonDB, dice: 0.7877134210526306]
[2023-04-23 10:41:35 AM-Train.py-INFO:epoch: 78, dataset: ETIS-LaribPolypDB, dice: 0.7260102040816329]
[2023-04-23 10:56:08 AM-Train.py-INFO:epoch: 79, dataset: CVC-300, dice: 0.8849733333333333]
[2023-04-23 10:56:11 AM-Train.py-INFO:epoch: 79, dataset: CVC-ClinicDB, dice: 0.9269000000000001]
[2023-04-23 10:56:18 AM-Train.py-INFO:epoch: 79, dataset: Kvasir, dice: 0.9153960000000002]
[2023-04-23 10:56:42 AM-Train.py-INFO:epoch: 79, dataset: CVC-ColonDB, dice: 0.7907305263157898]
[2023-04-23 10:57:06 AM-Train.py-INFO:epoch: 79, dataset: ETIS-LaribPolypDB, dice: 0.718573469387755]
[2023-04-23 11:11:46 AM-Train.py-INFO:epoch: 80, dataset: CVC-300, dice: 0.8850916666666666]
[2023-04-23 11:11:49 AM-Train.py-INFO:epoch: 80, dataset: CVC-ClinicDB, dice: 0.9283225806451613]
[2023-04-23 11:11:55 AM-Train.py-INFO:epoch: 80, dataset: Kvasir, dice: 0.9162399999999998]
[2023-04-23 11:12:19 AM-Train.py-INFO:epoch: 80, dataset: CVC-ColonDB, dice: 0.8038134210526314]
[2023-04-23 11:12:40 AM-Train.py-INFO:epoch: 80, dataset: ETIS-LaribPolypDB, dice: 0.7151454081632656]
[2023-04-23 11:27:15 AM-Train.py-INFO:epoch: 81, dataset: CVC-300, dice: 0.89011]
[2023-04-23 11:27:19 AM-Train.py-INFO:epoch: 81, dataset: CVC-ClinicDB, dice: 0.9289951612903228]
[2023-04-23 11:27:25 AM-Train.py-INFO:epoch: 81, dataset: Kvasir, dice: 0.9160930000000002]
[2023-04-23 11:27:49 AM-Train.py-INFO:epoch: 81, dataset: CVC-ColonDB, dice: 0.8000755263157895]
[2023-04-23 11:28:10 AM-Train.py-INFO:epoch: 81, dataset: ETIS-LaribPolypDB, dice: 0.7148040816326532]
[2023-04-23 11:42:43 AM-Train.py-INFO:epoch: 82, dataset: CVC-300, dice: 0.88779]
[2023-04-23 11:42:47 AM-Train.py-INFO:epoch: 82, dataset: CVC-ClinicDB, dice: 0.9261629032258062]
[2023-04-23 11:42:53 AM-Train.py-INFO:epoch: 82, dataset: Kvasir, dice: 0.916761]
[2023-04-23 11:43:17 AM-Train.py-INFO:epoch: 82, dataset: CVC-ColonDB, dice: 0.7987199999999997]
[2023-04-23 11:43:38 AM-Train.py-INFO:epoch: 82, dataset: ETIS-LaribPolypDB, dice: 0.725154081632653]
[2023-04-23 11:58:07 AM-Train.py-INFO:epoch: 83, dataset: CVC-300, dice: 0.8865383333333331]
[2023-04-23 11:58:10 AM-Train.py-INFO:epoch: 83, dataset: CVC-ClinicDB, dice: 0.9306225806451615]
[2023-04-23 11:58:18 AM-Train.py-INFO:epoch: 83, dataset: Kvasir, dice: 0.9232449999999999]
[2023-04-23 11:58:47 AM-Train.py-INFO:epoch: 83, dataset: CVC-ColonDB, dice: 0.7935265789473682]
[2023-04-23 11:59:11 AM-Train.py-INFO:epoch: 83, dataset: ETIS-LaribPolypDB, dice: 0.7139698979591835]
[2023-04-23 12:13:45 PM-Train.py-INFO:epoch: 84, dataset: CVC-300, dice: 0.8913133333333332]
[2023-04-23 12:13:48 PM-Train.py-INFO:epoch: 84, dataset: CVC-ClinicDB, dice: 0.9309548387096774]
[2023-04-23 12:13:54 PM-Train.py-INFO:epoch: 84, dataset: Kvasir, dice: 0.9155560000000003]
[2023-04-23 12:14:19 PM-Train.py-INFO:epoch: 84, dataset: CVC-ColonDB, dice: 0.8083742105263158]
[2023-04-23 12:14:40 PM-Train.py-INFO:epoch: 84, dataset: ETIS-LaribPolypDB, dice: 0.7007061224489799]
[2023-04-23 12:29:15 PM-Train.py-INFO:epoch: 85, dataset: CVC-300, dice: 0.8991866666666668]
[2023-04-23 12:29:18 PM-Train.py-INFO:epoch: 85, dataset: CVC-ClinicDB, dice: 0.9290225806451612]
[2023-04-23 12:29:25 PM-Train.py-INFO:epoch: 85, dataset: Kvasir, dice: 0.9175719999999997]
[2023-04-23 12:29:50 PM-Train.py-INFO:epoch: 85, dataset: CVC-ColonDB, dice: 0.8002031578947368]
[2023-04-23 12:30:11 PM-Train.py-INFO:epoch: 85, dataset: ETIS-LaribPolypDB, dice: 0.7316494897959184]
[2023-04-23 12:44:44 PM-Train.py-INFO:epoch: 86, dataset: CVC-300, dice: 0.8897783333333332]
[2023-04-23 12:44:47 PM-Train.py-INFO:epoch: 86, dataset: CVC-ClinicDB, dice: 0.9250677419354838]
[2023-04-23 12:44:53 PM-Train.py-INFO:epoch: 86, dataset: Kvasir, dice: 0.906751]
[2023-04-23 12:45:18 PM-Train.py-INFO:epoch: 86, dataset: CVC-ColonDB, dice: 0.7961660526315792]
[2023-04-23 12:45:40 PM-Train.py-INFO:epoch: 86, dataset: ETIS-LaribPolypDB, dice: 0.7081142857142857]
[2023-04-23 01:00:11 PM-Train.py-INFO:epoch: 87, dataset: CVC-300, dice: 0.8881866666666665]
[2023-04-23 01:00:15 PM-Train.py-INFO:epoch: 87, dataset: CVC-ClinicDB, dice: 0.926443548387097]
[2023-04-23 01:00:21 PM-Train.py-INFO:epoch: 87, dataset: Kvasir, dice: 0.9219149999999999]
[2023-04-23 01:00:45 PM-Train.py-INFO:epoch: 87, dataset: CVC-ColonDB, dice: 0.7886089473684209]
[2023-04-23 01:01:06 PM-Train.py-INFO:epoch: 87, dataset: ETIS-LaribPolypDB, dice: 0.7237801020408164]
[2023-04-23 01:15:40 PM-Train.py-INFO:epoch: 88, dataset: CVC-300, dice: 0.8865583333333331]
[2023-04-23 01:15:44 PM-Train.py-INFO:epoch: 88, dataset: CVC-ClinicDB, dice: 0.9245225806451615]
[2023-04-23 01:15:53 PM-Train.py-INFO:epoch: 88, dataset: Kvasir, dice: 0.9191550000000005]
[2023-04-23 01:16:18 PM-Train.py-INFO:epoch: 88, dataset: CVC-ColonDB, dice: 0.798754210526316]
[2023-04-23 01:16:40 PM-Train.py-INFO:epoch: 88, dataset: ETIS-LaribPolypDB, dice: 0.7181117346938778]
[2023-04-23 01:31:14 PM-Train.py-INFO:epoch: 89, dataset: CVC-300, dice: 0.8989983333333335]
[2023-04-23 01:31:17 PM-Train.py-INFO:epoch: 89, dataset: CVC-ClinicDB, dice: 0.9337774193548389]
[2023-04-23 01:31:24 PM-Train.py-INFO:epoch: 89, dataset: Kvasir, dice: 0.9059240000000002]
[2023-04-23 01:31:48 PM-Train.py-INFO:epoch: 89, dataset: CVC-ColonDB, dice: 0.7688313157894742]
[2023-04-23 01:32:10 PM-Train.py-INFO:epoch: 89, dataset: ETIS-LaribPolypDB, dice: 0.7182193877551024]
[2023-04-23 01:46:55 PM-Train.py-INFO:epoch: 90, dataset: CVC-300, dice: 0.8759933333333333]
[2023-04-23 01:46:58 PM-Train.py-INFO:epoch: 90, dataset: CVC-ClinicDB, dice: 0.9275612903225806]
[2023-04-23 01:47:05 PM-Train.py-INFO:epoch: 90, dataset: Kvasir, dice: 0.9157090000000001]
[2023-04-23 01:47:29 PM-Train.py-INFO:epoch: 90, dataset: CVC-ColonDB, dice: 0.7871276315789476]
[2023-04-23 01:47:51 PM-Train.py-INFO:epoch: 90, dataset: ETIS-LaribPolypDB, dice: 0.7276780612244905]
[2023-04-23 02:02:23 PM-Train.py-INFO:epoch: 91, dataset: CVC-300, dice: 0.8929750000000001]
[2023-04-23 02:02:26 PM-Train.py-INFO:epoch: 91, dataset: CVC-ClinicDB, dice: 0.9361677419354836]
[2023-04-23 02:02:34 PM-Train.py-INFO:epoch: 91, dataset: Kvasir, dice: 0.8973959999999999]
[2023-04-23 02:02:58 PM-Train.py-INFO:epoch: 91, dataset: CVC-ColonDB, dice: 0.7410376315789476]
[2023-04-23 02:03:20 PM-Train.py-INFO:epoch: 91, dataset: ETIS-LaribPolypDB, dice: 0.6485010204081632]
[2023-04-23 02:17:54 PM-Train.py-INFO:epoch: 92, dataset: CVC-300, dice: 0.8942383333333329]
[2023-04-23 02:17:58 PM-Train.py-INFO:epoch: 92, dataset: CVC-ClinicDB, dice: 0.9332467741935483]
[2023-04-23 02:18:05 PM-Train.py-INFO:epoch: 92, dataset: Kvasir, dice: 0.9202550000000005]
[2023-04-23 02:18:29 PM-Train.py-INFO:epoch: 92, dataset: CVC-ColonDB, dice: 0.7606715789473689]
[2023-04-23 02:18:50 PM-Train.py-INFO:epoch: 92, dataset: ETIS-LaribPolypDB, dice: 0.7053010204081636]
[2023-04-23 02:33:25 PM-Train.py-INFO:epoch: 93, dataset: CVC-300, dice: 0.8765333333333333]
[2023-04-23 02:33:29 PM-Train.py-INFO:epoch: 93, dataset: CVC-ClinicDB, dice: 0.9279870967741933]
[2023-04-23 02:33:35 PM-Train.py-INFO:epoch: 93, dataset: Kvasir, dice: 0.9151070000000006]
[2023-04-23 02:34:00 PM-Train.py-INFO:epoch: 93, dataset: CVC-ColonDB, dice: 0.789140263157895]
[2023-04-23 02:34:22 PM-Train.py-INFO:epoch: 93, dataset: ETIS-LaribPolypDB, dice: 0.717087244897959]
[2023-04-23 02:48:59 PM-Train.py-INFO:epoch: 94, dataset: CVC-300, dice: 0.8915799999999997]
[2023-04-23 02:49:03 PM-Train.py-INFO:epoch: 94, dataset: CVC-ClinicDB, dice: 0.9145290322580645]
[2023-04-23 02:49:11 PM-Train.py-INFO:epoch: 94, dataset: Kvasir, dice: 0.9070209999999997]
[2023-04-23 02:49:41 PM-Train.py-INFO:epoch: 94, dataset: CVC-ColonDB, dice: 0.7394881578947368]
[2023-04-23 02:50:01 PM-Train.py-INFO:epoch: 94, dataset: ETIS-LaribPolypDB, dice: 0.6714484693877552]
[2023-04-23 03:04:35 PM-Train.py-INFO:epoch: 95, dataset: CVC-300, dice: 0.8928516666666666]
[2023-04-23 03:04:38 PM-Train.py-INFO:epoch: 95, dataset: CVC-ClinicDB, dice: 0.9270806451612904]
[2023-04-23 03:04:45 PM-Train.py-INFO:epoch: 95, dataset: Kvasir, dice: 0.9113369999999995]
[2023-04-23 03:05:09 PM-Train.py-INFO:epoch: 95, dataset: CVC-ColonDB, dice: 0.7857244736842112]
[2023-04-23 03:05:31 PM-Train.py-INFO:epoch: 95, dataset: ETIS-LaribPolypDB, dice: 0.6716801020408165]
[2023-04-23 03:20:14 PM-Train.py-INFO:epoch: 96, dataset: CVC-300, dice: 0.8879083333333333]
[2023-04-23 03:20:18 PM-Train.py-INFO:epoch: 96, dataset: CVC-ClinicDB, dice: 0.9241467741935484]
[2023-04-23 03:20:24 PM-Train.py-INFO:epoch: 96, dataset: Kvasir, dice: 0.9122009999999997]
[2023-04-23 03:20:49 PM-Train.py-INFO:epoch: 96, dataset: CVC-ColonDB, dice: 0.785093421052631]
[2023-04-23 03:21:10 PM-Train.py-INFO:epoch: 96, dataset: ETIS-LaribPolypDB, dice: 0.7130979591836739]
[2023-04-23 03:35:45 PM-Train.py-INFO:epoch: 97, dataset: CVC-300, dice: 0.8859266666666664]
[2023-04-23 03:35:49 PM-Train.py-INFO:epoch: 97, dataset: CVC-ClinicDB, dice: 0.9203322580645162]
[2023-04-23 03:35:55 PM-Train.py-INFO:epoch: 97, dataset: Kvasir, dice: 0.9147090000000001]
[2023-04-23 03:36:19 PM-Train.py-INFO:epoch: 97, dataset: CVC-ColonDB, dice: 0.7920189473684207]
[2023-04-23 03:36:40 PM-Train.py-INFO:epoch: 97, dataset: ETIS-LaribPolypDB, dice: 0.7302642857142857]
[2023-04-23 03:51:14 PM-Train.py-INFO:epoch: 98, dataset: CVC-300, dice: 0.8917733333333329]
[2023-04-23 03:51:18 PM-Train.py-INFO:epoch: 98, dataset: CVC-ClinicDB, dice: 0.9266629032258065]
[2023-04-23 03:51:24 PM-Train.py-INFO:epoch: 98, dataset: Kvasir, dice: 0.9166760000000004]
[2023-04-23 03:51:49 PM-Train.py-INFO:epoch: 98, dataset: CVC-ColonDB, dice: 0.7883281578947364]
[2023-04-23 03:52:10 PM-Train.py-INFO:epoch: 98, dataset: ETIS-LaribPolypDB, dice: 0.7220311224489793]
[2023-04-23 04:06:42 PM-Train.py-INFO:epoch: 99, dataset: CVC-300, dice: 0.8919333333333335]
[2023-04-23 04:06:45 PM-Train.py-INFO:epoch: 99, dataset: CVC-ClinicDB, dice: 0.9265854838709677]
[2023-04-23 04:06:52 PM-Train.py-INFO:epoch: 99, dataset: Kvasir, dice: 0.9168660000000002]
[2023-04-23 04:07:16 PM-Train.py-INFO:epoch: 99, dataset: CVC-ColonDB, dice: 0.7816147368421051]
[2023-04-23 04:07:37 PM-Train.py-INFO:epoch: 99, dataset: ETIS-LaribPolypDB, dice: 0.7262051020408165]
